This is pdfTeX, Version 3.141592-1.40.4 (MiKTeX 2.7) (preloaded format=pdflatex 2008.1.14)  22 APR 2008 10:59
entering extended mode
**D:/Graffel/R/pack/HardyWeinberg/inst/doc/HardyWeinberg.tex
(D:/Graffel/R/pack/HardyWeinberg/inst/doc/HardyWeinberg.tex
LaTeX2e <2005/12/01>
Babel <v3.8h> and hyphenation patterns for english, dumylang, nohyphenation, ge
rman, ngerman, french, loaded.
("C:\Archivos de programa\MiKTeX 2.7\tex\latex\base\article.cls"
Document Class: article 2005/09/16 v1.4f Standard LaTeX document class
("C:\Archivos de programa\MiKTeX 2.7\tex\latex\base\size10.clo"
File: size10.clo 2005/09/16 v1.4f Standard LaTeX file (size option)
)
\c@part=\count79
\c@section=\count80
\c@subsection=\count81
\c@subsubsection=\count82
\c@paragraph=\count83
\c@subparagraph=\count84
\c@figure=\count85
\c@table=\count86
\abovecaptionskip=\skip41
\belowcaptionskip=\skip42
\bibindent=\dimen102
) ("C:\Archivos de programa\MiKTeX 2.7\tex\generic\babel\babel.sty"
Package: babel 2005/11/23 v3.8h The Babel package
*************************************
* Local config file bblopts.cfg used
*
("C:\Archivos de programa\MiKTeX 2.7\tex\latex\00miktex\bblopts.cfg"
File: bblopts.cfg 2006/07/31 v1.0 MiKTeX 'babel' configuration
) ("C:\Archivos de programa\MiKTeX 2.7\tex\generic\babel\english.ldf"
Language: english 2005/03/30 v3.3o English support from the babel system
("C:\Archivos de programa\MiKTeX 2.7\tex\generic\babel\babel.def"
File: babel.def 2005/11/23 v3.8h Babel common definitions
\babel@savecnt=\count87
\U@D=\dimen103
)
\l@british = a dialect from \language\l@english 
\l@UKenglish = a dialect from \language\l@english 
\l@canadian = a dialect from \language\l@american 
\l@australian = a dialect from \language\l@british 
\l@newzealand = a dialect from \language\l@british 
)) (C:\ARCHIV~1\R\R-26~1.0\share\texmf\Sweave.sty
Package: Sweave 
("C:\Archivos de programa\MiKTeX 2.7\tex\latex\base\ifthen.sty"
Package: ifthen 2001/05/26 v1.1c Standard LaTeX ifthen package (DPC)
) ("C:\Archivos de programa\MiKTeX 2.7\tex\latex\graphics\graphicx.sty"
Package: graphicx 1999/02/16 v1.0f Enhanced LaTeX Graphics (DPC,SPQR)
("C:\Archivos de programa\MiKTeX 2.7\tex\latex\graphics\keyval.sty"
Package: keyval 1999/03/16 v1.13 key=value parser (DPC)
\KV@toks@=\toks14
) ("C:\Archivos de programa\MiKTeX 2.7\tex\latex\graphics\graphics.sty"
Package: graphics 2006/02/20 v1.0o Standard LaTeX Graphics (DPC,SPQR)
("C:\Archivos de programa\MiKTeX 2.7\tex\latex\graphics\trig.sty"
Package: trig 1999/03/16 v1.09 sin cos tan (DPC)
) ("C:\Archivos de programa\MiKTeX 2.7\tex\latex\00miktex\graphics.cfg"
File: graphics.cfg 2007/01/18 v1.5 graphics configuration of teTeX/TeXLive
)
Package graphics Info: Driver file: pdftex.def on input line 90.
("C:\Archivos de programa\MiKTeX 2.7\tex\latex\graphics\pdftex.def"
File: pdftex.def 2007/06/12 v0.04h Graphics/color for pdfTeX
\Gread@gobject=\count88
))
\Gin@req@height=\dimen104
\Gin@req@width=\dimen105
) ("C:\Archivos de programa\MiKTeX 2.7\tex\latex\fancyvrb\fancyvrb.sty"
Package: fancyvrb 1998/07/17
Style option: `fancyvrb' v2.6, with DG/SPQR fixes <1998/07/17> (tvz)
\FV@CodeLineNo=\count89
\FV@InFile=\read1
\FV@TabBox=\box26
\c@FancyVerbLine=\count90
\FV@StepNumber=\count91
\FV@OutFile=\write3
No file fancyvrb.cfg.
) ("C:\Archivos de programa\MiKTeX 2.7\tex\latex\upquote\upquote.sty"
Package: upquote 2003/08/11 v1.1 Covington's upright-quote modification to verb
atim and verb
("C:\Archivos de programa\MiKTeX 2.7\tex\latex\base\textcomp.sty"
Package: textcomp 2005/09/27 v1.99g Standard LaTeX package
Package textcomp Info: Sub-encoding information:
(textcomp)               5 = only ISO-Adobe without \textcurrency
(textcomp)               4 = 5 + \texteuro
(textcomp)               3 = 4 + \textohm
(textcomp)               2 = 3 + \textestimated + \textcurrency
(textcomp)               1 = TS1 - \textcircled - \t
(textcomp)               0 = TS1 (full)
(textcomp)             Font families with sub-encoding setting implement
(textcomp)             only a restricted character set as indicated.
(textcomp)             Family '?' is the default used for unknown fonts.
(textcomp)             See the documentation for details.
Package textcomp Info: Setting ? sub-encoding to TS1/1 on input line 71.
("C:\Archivos de programa\MiKTeX 2.7\tex\latex\base\ts1enc.def"
File: ts1enc.def 2001/06/05 v3.0e (jk/car/fm) Standard LaTeX file
)
LaTeX Info: Redefining \oldstylenums on input line 266.
Package textcomp Info: Setting cmr sub-encoding to TS1/0 on input line 281.
Package textcomp Info: Setting cmss sub-encoding to TS1/0 on input line 282.
Package textcomp Info: Setting cmtt sub-encoding to TS1/0 on input line 283.
Package textcomp Info: Setting cmvtt sub-encoding to TS1/0 on input line 284.
Package textcomp Info: Setting cmbr sub-encoding to TS1/0 on input line 285.
Package textcomp Info: Setting cmtl sub-encoding to TS1/0 on input line 286.
Package textcomp Info: Setting ccr sub-encoding to TS1/0 on input line 287.
Package textcomp Info: Setting ptm sub-encoding to TS1/4 on input line 288.
Package textcomp Info: Setting pcr sub-encoding to TS1/4 on input line 289.
Package textcomp Info: Setting phv sub-encoding to TS1/4 on input line 290.
Package textcomp Info: Setting ppl sub-encoding to TS1/3 on input line 291.
Package textcomp Info: Setting pag sub-encoding to TS1/4 on input line 292.
Package textcomp Info: Setting pbk sub-encoding to TS1/4 on input line 293.
Package textcomp Info: Setting pnc sub-encoding to TS1/4 on input line 294.
Package textcomp Info: Setting pzc sub-encoding to TS1/4 on input line 295.
Package textcomp Info: Setting bch sub-encoding to TS1/4 on input line 296.
Package textcomp Info: Setting put sub-encoding to TS1/5 on input line 297.
Package textcomp Info: Setting uag sub-encoding to TS1/5 on input line 298.
Package textcomp Info: Setting ugq sub-encoding to TS1/5 on input line 299.
Package textcomp Info: Setting ul8 sub-encoding to TS1/4 on input line 300.
Package textcomp Info: Setting ul9 sub-encoding to TS1/4 on input line 301.
Package textcomp Info: Setting augie sub-encoding to TS1/5 on input line 302.
Package textcomp Info: Setting dayrom sub-encoding to TS1/3 on input line 303.
Package textcomp Info: Setting dayroms sub-encoding to TS1/3 on input line 304.

Package textcomp Info: Setting pxr sub-encoding to TS1/0 on input line 305.
Package textcomp Info: Setting pxss sub-encoding to TS1/0 on input line 306.
Package textcomp Info: Setting pxtt sub-encoding to TS1/0 on input line 307.
Package textcomp Info: Setting txr sub-encoding to TS1/0 on input line 308.
Package textcomp Info: Setting txss sub-encoding to TS1/0 on input line 309.
Package textcomp Info: Setting txtt sub-encoding to TS1/0 on input line 310.
Package textcomp Info: Setting futs sub-encoding to TS1/4 on input line 311.
Package textcomp Info: Setting futx sub-encoding to TS1/4 on input line 312.
Package textcomp Info: Setting futj sub-encoding to TS1/4 on input line 313.
Package textcomp Info: Setting hlh sub-encoding to TS1/3 on input line 314.
Package textcomp Info: Setting hls sub-encoding to TS1/3 on input line 315.
Package textcomp Info: Setting hlst sub-encoding to TS1/3 on input line 316.
Package textcomp Info: Setting hlct sub-encoding to TS1/5 on input line 317.
Package textcomp Info: Setting hlx sub-encoding to TS1/5 on input line 318.
Package textcomp Info: Setting hlce sub-encoding to TS1/5 on input line 319.
Package textcomp Info: Setting hlcn sub-encoding to TS1/5 on input line 320.
Package textcomp Info: Setting hlcw sub-encoding to TS1/5 on input line 321.
Package textcomp Info: Setting hlcf sub-encoding to TS1/5 on input line 322.
Package textcomp Info: Setting pplx sub-encoding to TS1/3 on input line 323.
Package textcomp Info: Setting pplj sub-encoding to TS1/3 on input line 324.
Package textcomp Info: Setting ptmx sub-encoding to TS1/4 on input line 325.
Package textcomp Info: Setting ptmj sub-encoding to TS1/4 on input line 326.
)) ("C:\Archivos de programa\MiKTeX 2.7\tex\latex\base\fontenc.sty"
Package: fontenc 2005/09/27 v1.99g Standard LaTeX package
("C:\Archivos de programa\MiKTeX 2.7\tex\latex\base\t1enc.def"
File: t1enc.def 2005/09/27 v1.99g Standard LaTeX file
LaTeX Font Info:    Redeclaring font encoding T1 on input line 43.
)) ("C:\Archivos de programa\MiKTeX 2.7\tex\latex\ae\ae.sty"
Package: ae 2001/02/12 1.3 Almost European Computer Modern
("C:\Archivos de programa\MiKTeX 2.7\tex\latex\base\fontenc.sty"
Package: fontenc 2005/09/27 v1.99g Standard LaTeX package
("C:\Archivos de programa\MiKTeX 2.7\tex\latex\base\t1enc.def"
File: t1enc.def 2005/09/27 v1.99g Standard LaTeX file
LaTeX Font Info:    Redeclaring font encoding T1 on input line 43.
)
LaTeX Font Info:    Try loading font information for T1+aer on input line 100.
("C:\Archivos de programa\MiKTeX 2.7\tex\latex\ae\t1aer.fd"
File: t1aer.fd 1997/11/16 Font definitions for T1/aer.
)))) (C:\ARCHIV~1\R\R-26~1.0\share\texmf\Rd.sty
Package: Rd 
("C:\Archivos de programa\MiKTeX 2.7\tex\latex\tools\longtable.sty"
Package: longtable 2004/02/01 v4.11 Multi-page Table package (DPC)
\LTleft=\skip43
\LTright=\skip44
\LTpre=\skip45
\LTpost=\skip46
\LTchunksize=\count92
\LTcapwidth=\dimen106
\LT@head=\box27
\LT@firsthead=\box28
\LT@foot=\box29
\LT@lastfoot=\box30
\LT@cols=\count93
\LT@rows=\count94
\c@LT@tables=\count95
\c@LT@chunks=\count96
\LT@p@ftn=\toks15
) ("C:\Archivos de programa\MiKTeX 2.7\tex\latex\tools\bm.sty"
Package: bm 2004/02/26 v1.1c Bold Symbol Support (DPC/FMi)
\symboldoperators=\mathgroup4
\symboldletters=\mathgroup5
\symboldsymbols=\mathgroup6
LaTeX Font Info:    Redeclaring math alphabet \mathbf on input line 137.
LaTeX Info: Redefining \bm on input line 203.
) ("C:\Archivos de programa\MiKTeX 2.7\tex\latex\base\alltt.sty"
Package: alltt 1997/06/16 v2.0g defines alltt environment
) ("C:\Archivos de programa\MiKTeX 2.7\tex\latex\tools\verbatim.sty"
Package: verbatim 2003/08/22 v1.5q LaTeX2e package for verbatim enhancements
\every@verbatim=\toks16
\verbatim@line=\toks17
\verbatim@in@stream=\read2
) ("C:\Archivos de programa\MiKTeX 2.7\tex\latex\ltxmisc\url.sty"
\Urlmuskip=\muskip10
Package: url 2006/04/12  ver 3.3  Verb mode for urls, etc.
)
\ldescriptionwidth=\skip47
NOT loading ae NOT loading times NOT loading lmodern) ("C:\Archivos de programa
\MiKTeX 2.7\tex\latex\hyperref\hyperref.sty"
Package: hyperref 2007/11/20 v6.77g Hypertext links for LaTeX
("C:\Archivos de programa\MiKTeX 2.7\tex\latex\oberdiek\hycolor.sty"
Package: hycolor 2007/04/11 v1.1 Code for color options of hyperref/bookmark (H
O)
)
\@linkdim=\dimen107
\Hy@linkcounter=\count97
\Hy@pagecounter=\count98
("C:\Archivos de programa\MiKTeX 2.7\tex\latex\confproc\pd1enc.def"
File: pd1enc.def 1999/03/30 v0.3 PDFDocEncoding (Heiko Oberdiek)
) ("C:\Archivos de programa\MiKTeX 2.7\tex\generic\oberdiek\etexcmds.sty"
Package: etexcmds 2007/12/12 v1.2 Prefix for e-TeX command names (HO)
("C:\Archivos de programa\MiKTeX 2.7\tex\generic\oberdiek\infwarerr.sty"
Package: infwarerr 2007/09/09 v1.2 Providing info/warning/message (HO)
)
Package etexcmds Info: Could not find \expanded.
(etexcmds)             That can mean that you are not using pdfTeX 1.50 or
(etexcmds)             that some package has redefined \expanded.
(etexcmds)             In the latter case, load this package earlier.
) ("C:\Archivos de programa\MiKTeX 2.7\tex\latex\00miktex\hyperref.cfg"
File: hyperref.cfg 2002/06/06 v1.2 hyperref configuration of TeXLive
) ("C:\Archivos de programa\MiKTeX 2.7\tex\latex\oberdiek\kvoptions.sty"
Package: kvoptions 2007/10/18 v3.0 Keyval support for LaTeX options (HO)
)
Package hyperref Info: Hyper figures OFF on input line 2699.
Package hyperref Info: Link nesting OFF on input line 2704.
Package hyperref Info: Hyper index ON on input line 2707.
Package hyperref Info: Plain pages OFF on input line 2714.
Package hyperref Info: Backreferencing OFF on input line 2719.
Implicit mode ON; LaTeX internals redefined
Package hyperref Info: Bookmarks ON on input line 2875.
LaTeX Info: Redefining \href on input line 3026.
LaTeX Info: Redefining \url on input line 3045.
("C:\Archivos de programa\MiKTeX 2.7\tex\generic\oberdiek\bitset.sty"
Package: bitset 2007/09/28 v1.0 Data type bit set (HO)
("C:\Archivos de programa\MiKTeX 2.7\tex\generic\oberdiek\intcalc.sty"
Package: intcalc 2007/09/27 v1.1 Expandable integer calculations (HO)
) ("C:\Archivos de programa\MiKTeX 2.7\tex\generic\oberdiek\bigintcalc.sty"
Package: bigintcalc 2007/11/11 v1.1 Expandable big integer calculations (HO)
("C:\Archivos de programa\MiKTeX 2.7\tex\generic\oberdiek\pdftexcmds.sty"
Package: pdftexcmds 2007/12/12 v0.3 LuaTeX support for pdfTeX utility functions
 (HO)
Package pdftexcmds Info: LuaTeX not detected on input line 139.
))) ("C:\Archivos de programa\MiKTeX 2.7\tex\generic\oberdiek\kvsetkeys.sty"
Package: kvsetkeys 2007/09/29 v1.3 Key value parser with default handler suppor
t (HO)
)
\Fld@menulength=\count99
\Field@Width=\dimen108
\Fld@charsize=\dimen109
\Field@toks=\toks18
Package hyperref Info: Hyper figures OFF on input line 3926.
Package hyperref Info: Link nesting OFF on input line 3931.
Package hyperref Info: Hyper index ON on input line 3934.
Package hyperref Info: backreferencing OFF on input line 3941.
Package hyperref Info: Link coloring OFF on input line 3946.
("C:\Archivos de programa\MiKTeX 2.7\tex\generic\oberdiek\atbegshi.sty"
Package: atbegshi 2007/09/09 v1.6 At begin shipout hook (HO)
("C:\Archivos de programa\MiKTeX 2.7\tex\generic\oberdiek\ifpdf.sty"
Package: ifpdf 2007/12/12 v1.6 Provides the ifpdf switch (HO)
Package ifpdf Info: pdfTeX in pdf mode detected.
))
\Hy@abspage=\count100
\c@Item=\count101
\c@Hfootnote=\count102
)
*hyperref using default driver hpdftex*
("C:\Archivos de programa\MiKTeX 2.7\tex\latex\hyperref\hpdftex.def"
File: hpdftex.def 2007/11/20 v6.77g Hyperref driver for pdfTeX
\Fld@listcount=\count103
) (HardyWeinberg.aux)
LaTeX Font Info:    Checking defaults for OML/cmm/m/it on input line 17.
LaTeX Font Info:    ... okay on input line 17.
LaTeX Font Info:    Checking defaults for T1/cmr/m/n on input line 17.
LaTeX Font Info:    ... okay on input line 17.
LaTeX Font Info:    Checking defaults for OT1/cmr/m/n on input line 17.
LaTeX Font Info:    ... okay on input line 17.
LaTeX Font Info:    Checking defaults for OMS/cmsy/m/n on input line 17.
LaTeX Font Info:    ... okay on input line 17.
LaTeX Font Info:    Checking defaults for OMX/cmex/m/n on input line 17.
LaTeX Font Info:    ... okay on input line 17.
LaTeX Font Info:    Checking defaults for U/cmr/m/n on input line 17.
LaTeX Font Info:    ... okay on input line 17.
LaTeX Font Info:    Checking defaults for TS1/cmr/m/n on input line 17.
LaTeX Font Info:    Try loading font information for TS1+cmr on input line 17.
("C:\Archivos de programa\MiKTeX 2.7\tex\latex\base\ts1cmr.fd"
File: ts1cmr.fd 1999/05/25 v2.5h Standard LaTeX font definitions
)
LaTeX Font Info:    ... okay on input line 17.
LaTeX Font Info:    Checking defaults for PD1/pdf/m/n on input line 17.
LaTeX Font Info:    ... okay on input line 17.
("C:\Archivos de programa\MiKTeX 2.7\tex\context\base\supp-pdf.tex"
[Loading MPS to PDF converter (version 2006.09.02).]
\scratchcounter=\count104
\scratchdimen=\dimen110
\scratchbox=\box31
\nofMPsegments=\count105
\nofMParguments=\count106
\MPscratchCnt=\count107
\MPscratchDim=\dimen111
\MPnumerator=\count108
\everyMPtoPDFconversion=\toks19
)
Package hyperref Info: Link coloring OFF on input line 17.
("C:\Archivos de programa\MiKTeX 2.7\tex\latex\hyperref\nameref.sty"
Package: nameref 2007/05/29 v2.31 Cross-referencing by name of section
("C:\Archivos de programa\MiKTeX 2.7\tex\latex\oberdiek\refcount.sty"
Package: refcount 2006/02/20 v3.0 Data extraction from references (HO)
)
\c@section@level=\count109
)
LaTeX Info: Redefining \ref on input line 17.
LaTeX Info: Redefining \pageref on input line 17.
(HardyWeinberg.out) (HardyWeinberg.out)
\@outlinefile=\write4
\AtBeginShipoutBox=\box32
LaTeX Font Info:    Try loading font information for T1+aess on input line 20.
("C:\Archivos de programa\MiKTeX 2.7\tex\latex\ae\t1aess.fd"
File: t1aess.fd 1997/11/16 Font definitions for T1/aess.
)
LaTeX Font Info:    Try loading font information for T1+aett on input line 21.
("C:\Archivos de programa\MiKTeX 2.7\tex\latex\ae\t1aett.fd"
File: t1aett.fd 1997/11/16 Font definitions for T1/aett.
)
Underfull \hbox (badness 10000) in paragraph at lines 38--47

 []

LaTeX Font Info:    External font `cmex10' loaded for size
(Font)              <7> on input line 85.
LaTeX Font Info:    External font `cmex10' loaded for size
(Font)              <5> on input line 85.
[1

{C:/Documents and Settings/All Users/Datos de programa/MiKTeX/2.7/pdftex/config
/pdftex.map}]
LaTeX Font Info:    Try loading font information for TS1+aett on input line 156
.
(C:\ARCHIV~1\R\R-26~1.0\share\texmf\ts1aett.fd
File: ts1aett.fd 
)
LaTeX Font Info:    Try loading font information for TS1+cmtt on input line 156
.
("C:\Archivos de programa\MiKTeX 2.7\tex\latex\base\ts1cmtt.fd"
File: ts1cmtt.fd 1999/05/25 v2.5h Standard LaTeX font definitions
)
LaTeX Font Info:    Font shape `TS1/aett/m/n' in size <10> not available
(Font)              Font shape `TS1/cmtt/m/n' tried instead on input line 156.
[2] <HardyWeinberg-008.pdf, id=72, 433.62pt x 433.62pt>
File: HardyWeinberg-008.pdf Graphic file (type pdf)
<use HardyWeinberg-008.pdf> [3] [4 <HardyWeinberg-008.pdf>]

Package hyperref Warning: The anchor of a bookmark and its parent's must not
(hyperref)                be the same. Added a new anchor on input line 243.

[5

] [6] [7]
Overfull \hbox (8.72568pt too wide) in paragraph at lines 399--400
[]\T1/aer/m/n/10 draw the HW parabola in the plot (\T1/aett/m/n/10 hwcurve=TRUE
) \T1/aer/m/n/10 or not (\T1/aett/m/n/10 hwcurve=FALSE\T1/aer/m/n/10 ). 
 []


Underfull \hbox (badness 10000) in paragraph at lines 404--409

 []


Underfull \hbox (badness 10000) in paragraph at lines 409--419

 []

[8]
Overfull \hbox (7.70837pt too wide) in paragraph at lines 434--441
\T1/aett/m/n/10 "green","blue","black","purple") \T1/aer/m/n/10 will paint the 
Hardy-Weinberg curve
 []


Overfull \hbox (30.76881pt too wide) in paragraph at lines 441--444
\T1/aer/m/n/10 fance test (green mark-ers non-siginficant, red mark-ers sig-nif
-i-cant). \T1/aett/m/n/10 signifcolour
 []

[9]
Underfull \hbox (badness 10000) in paragraph at lines 485--487

 []


Underfull \hbox (badness 10000) in paragraph at lines 488--490

 []


Underfull \hbox (badness 10000) in paragraph at lines 491--494

 []


Underfull \hbox (badness 10000) in paragraph at lines 495--496

 []

[10] (HardyWeinberg.aux) ) 
Here is how much of TeX's memory you used:
 5754 strings out of 95340
 79717 string characters out of 1183930
 142056 words of memory out of 1500000
 8763 multiletter control sequences out of 110000
 35491 words of font info for 71 fonts, out of 1200000 for 2000
 14 hyphenation exceptions out of 8191
 36i,6n,36p,417b,518s stack positions out of 5000i,500n,10000p,200000b,5000s
{C:/Archivos de programa/MiKTeX 2.7/dvips/cm-super/cm
-super-ts1.enc}<C:/Archivos de programa/MiKTeX 2.7/fonts/type1/bluesky/cm/cmbx1
0.pfb><C:/Archivos de programa/MiKTeX 2.7/fonts/type1/bluesky/cm/cmbx12.pfb><C:
/Archivos de programa/MiKTeX 2.7/fonts/type1/bluesky/cm/cmcsc10.pfb><C:/Archivo
s de programa/MiKTeX 2.7/fonts/type1/bluesky/cm/cmmi10.pfb><C:/Archivos de prog
rama/MiKTeX 2.7/fonts/type1/bluesky/cm/cmmi7.pfb><C:/Archivos de programa/MiKTe
X 2.7/fonts/type1/bluesky/cm/cmr10.pfb><C:/Archivos de programa/MiKTeX 2.7/font
s/type1/bluesky/cm/cmr12.pfb><C:/Archivos de programa/MiKTeX 2.7/fonts/type1/bl
uesky/cm/cmr7.pfb><C:/Archivos de programa/MiKTeX 2.7/fonts/type1/bluesky/cm/cm
sltt10.pfb><C:/Archivos de programa/MiKTeX 2.7/fonts/type1/bluesky/cm/cmsy10.pf
b><C:/Archivos de programa/MiKTeX 2.7/fonts/type1/bluesky/cm/cmti10.pfb><C:/Arc
hivos de programa/MiKTeX 2.7/fonts/type1/bluesky/cm/cmti12.pfb><C:/Archivos de 
programa/MiKTeX 2.7/fonts/type1/bluesky/cm/cmtt10.pfb><C:/Archivos de programa/
MiKTeX 2.7/fonts/type1/bluesky/cm/cmtt12.pfb><C:/Archivos de programa/MiKTeX 2.
7/fonts/type1/bluesky/cm/cmtt9.pfb><C:/Archivos de programa/MiKTeX 2.7/fonts/ty
pe1/public/cm-super/sftt1000.pfb>
Output written on HardyWeinberg.pdf (10 pages, 221613 bytes).
PDF statistics:
 207 PDF objects out of 1000 (max. 8388607)
 50 named destinations out of 1000 (max. 131072)
 102 words of extra memory for PDF output out of 10000 (max. 10000000)

